[debug] [2020-12-08T12:18:56.065Z] ----------------------------------------------------------------------
[debug] [2020-12-08T12:18:56.066Z] Command:       /usr/local/bin/node /usr/local/bin/firebase deploy
[debug] [2020-12-08T12:18:56.067Z] CLI Version:   8.7.0
[debug] [2020-12-08T12:18:56.067Z] Platform:      darwin
[debug] [2020-12-08T12:18:56.067Z] Node Version:  v14.15.1
[debug] [2020-12-08T12:18:56.067Z] Time:          Tue Dec 08 2020 14:18:56 GMT+0200 (Eastern European Standard Time)
[debug] [2020-12-08T12:18:56.068Z] ----------------------------------------------------------------------
[debug] [2020-12-08T12:18:56.068Z] 
[debug] [2020-12-08T12:18:56.075Z] > command requires scopes: ["email","openid","https://www.googleapis.com/auth/cloudplatformprojects.readonly","https://www.googleapis.com/auth/firebase","https://www.googleapis.com/auth/cloud-platform"]
[debug] [2020-12-08T12:18:56.075Z] > authorizing via signed-in user
[debug] [2020-12-08T12:18:56.076Z] [iam] checking project slackbot-7d5cd for permissions ["cloudfunctions.functions.create","cloudfunctions.functions.delete","cloudfunctions.functions.get","cloudfunctions.functions.list","cloudfunctions.functions.update","cloudfunctions.operations.get","firebase.projects.get"]
[debug] [2020-12-08T12:18:56.078Z] >>> HTTP REQUEST POST https://cloudresourcemanager.googleapis.com/v1/projects/slackbot-7d5cd:testIamPermissions  
 {"permissions":["cloudfunctions.functions.create","cloudfunctions.functions.delete","cloudfunctions.functions.get","cloudfunctions.functions.list","cloudfunctions.functions.update","cloudfunctions.operations.get","firebase.projects.get"]}
[debug] [2020-12-08T12:18:57.157Z] <<< HTTP RESPONSE 200 {"content-type":"application/json; charset=UTF-8","vary":"X-Origin, Referer, Origin,Accept-Encoding","date":"Tue, 08 Dec 2020 12:18:57 GMT","server":"ESF","cache-control":"private","x-xss-protection":"0","x-frame-options":"SAMEORIGIN","x-content-type-options":"nosniff","server-timing":"gfet4t7; dur=644","alt-svc":"h3-29=\":443\"; ma=2592000,h3-T051=\":443\"; ma=2592000,h3-Q050=\":443\"; ma=2592000,h3-Q046=\":443\"; ma=2592000,h3-Q043=\":443\"; ma=2592000,quic=\":443\"; ma=2592000; v=\"46,43\"","accept-ranges":"none","transfer-encoding":"chunked"}
[debug] [2020-12-08T12:18:57.158Z] >>> HTTP REQUEST POST https://iam.googleapis.com/v1/projects/slackbot-7d5cd/serviceAccounts/slackbot-7d5cd@appspot.gserviceaccount.com:testIamPermissions  
 {"permissions":["iam.serviceAccounts.actAs"]}
[debug] [2020-12-08T12:18:58.209Z] <<< HTTP RESPONSE 200 {"content-type":"application/json; charset=UTF-8","vary":"X-Origin, Referer, Origin,Accept-Encoding","date":"Tue, 08 Dec 2020 12:18:58 GMT","server":"ESF","cache-control":"private","x-xss-protection":"0","x-frame-options":"SAMEORIGIN","x-content-type-options":"nosniff","alt-svc":"h3-29=\":443\"; ma=2592000,h3-T051=\":443\"; ma=2592000,h3-Q050=\":443\"; ma=2592000,h3-Q046=\":443\"; ma=2592000,h3-Q043=\":443\"; ma=2592000,quic=\":443\"; ma=2592000; v=\"46,43\"","accept-ranges":"none","transfer-encoding":"chunked"}
[info] 
[info] === Deploying to 'slackbot-7d5cd'...
[info] 
[info] i  deploying functions 
[info] ✔  functions: Finished running predeploy script. 
[debug] [2020-12-08T12:18:59.740Z] > [functions] package.json contents: {
  "name": "functions",
  "description": "Cloud Functions for Firebase",
  "scripts": {
    "lint": "eslint .",
    "serve": "firebase emulators:start --only functions",
    "shell": "firebase functions:shell",
    "start": "npm run shell",
    "deploy": "firebase deploy --only functions",
    "logs": "firebase functions:log"
  },
  "engines": {
    "node": "10"
  },
  "main": "index.js",
  "dependencies": {
    "@slack/bolt": "^2.5.0",
    "axios": "^0.21.0",
    "firebase-admin": "^8.10.0",
    "firebase-functions": "^3.6.1"
  },
  "devDependencies": {
    "eslint": "^5.12.0",
    "eslint-plugin-promise": "^4.0.1",
    "firebase-functions-test": "^0.2.0"
  },
  "private": true
}
[info] i  functions: ensuring required API cloudfunctions.googleapis.com is enabled... 
[info] i  functions: ensuring required API cloudbuild.googleapis.com is enabled... 
[debug] [2020-12-08T12:19:00.613Z] >>> HTTP REQUEST GET https://serviceusage.googleapis.com/v1/projects/slackbot-7d5cd/services/cloudfunctions.googleapis.com  
 
[debug] [2020-12-08T12:19:00.613Z] >>> HTTP REQUEST GET https://serviceusage.googleapis.com/v1/projects/slackbot-7d5cd/services/runtimeconfig.googleapis.com  
 
[debug] [2020-12-08T12:19:00.614Z] >>> HTTP REQUEST GET https://serviceusage.googleapis.com/v1/projects/slackbot-7d5cd/services/cloudbuild.googleapis.com  
 
[debug] [2020-12-08T12:19:01.847Z] <<< HTTP RESPONSE 200 {"content-type":"application/json; charset=UTF-8","vary":"X-Origin, Referer, Origin,Accept-Encoding","date":"Tue, 08 Dec 2020 12:19:01 GMT","server":"ESF","cache-control":"private","x-xss-protection":"0","x-frame-options":"SAMEORIGIN","x-content-type-options":"nosniff","alt-svc":"h3-29=\":443\"; ma=2592000,h3-T051=\":443\"; ma=2592000,h3-Q050=\":443\"; ma=2592000,h3-Q046=\":443\"; ma=2592000,h3-Q043=\":443\"; ma=2592000,quic=\":443\"; ma=2592000; v=\"46,43\"","accept-ranges":"none","transfer-encoding":"chunked"}
[debug] [2020-12-08T12:19:01.941Z] <<< HTTP RESPONSE 200 {"content-type":"application/json; charset=UTF-8","vary":"X-Origin, Referer, Origin,Accept-Encoding","date":"Tue, 08 Dec 2020 12:19:01 GMT","server":"ESF","cache-control":"private","x-xss-protection":"0","x-frame-options":"SAMEORIGIN","x-content-type-options":"nosniff","alt-svc":"h3-29=\":443\"; ma=2592000,h3-T051=\":443\"; ma=2592000,h3-Q050=\":443\"; ma=2592000,h3-Q046=\":443\"; ma=2592000,h3-Q043=\":443\"; ma=2592000,quic=\":443\"; ma=2592000; v=\"46,43\"","accept-ranges":"none","transfer-encoding":"chunked"}
[info] ✔  functions: required API cloudbuild.googleapis.com is enabled 
[debug] [2020-12-08T12:19:02.061Z] <<< HTTP RESPONSE 200 {"content-type":"application/json; charset=UTF-8","vary":"X-Origin, Referer, Origin,Accept-Encoding","date":"Tue, 08 Dec 2020 12:19:01 GMT","server":"ESF","cache-control":"private","x-xss-protection":"0","x-frame-options":"SAMEORIGIN","x-content-type-options":"nosniff","alt-svc":"h3-29=\":443\"; ma=2592000,h3-T051=\":443\"; ma=2592000,h3-Q050=\":443\"; ma=2592000,h3-Q046=\":443\"; ma=2592000,h3-Q043=\":443\"; ma=2592000,quic=\":443\"; ma=2592000; v=\"46,43\"","accept-ranges":"none","transfer-encoding":"chunked"}
[info] ✔  functions: required API cloudfunctions.googleapis.com is enabled 
[debug] [2020-12-08T12:19:02.062Z] >>> HTTP REQUEST GET https://firebase.googleapis.com/v1beta1/projects/slackbot-7d5cd/adminSdkConfig  
 
[debug] [2020-12-08T12:19:02.626Z] <<< HTTP RESPONSE 200 {"content-type":"application/json; charset=UTF-8","vary":"X-Origin, Referer, Origin,Accept-Encoding","date":"Tue, 08 Dec 2020 12:19:02 GMT","server":"ESF","cache-control":"private","x-xss-protection":"0","x-frame-options":"SAMEORIGIN","x-content-type-options":"nosniff","alt-svc":"h3-29=\":443\"; ma=2592000,h3-T051=\":443\"; ma=2592000,h3-Q050=\":443\"; ma=2592000,h3-Q046=\":443\"; ma=2592000,h3-Q043=\":443\"; ma=2592000,quic=\":443\"; ma=2592000; v=\"46,43\"","accept-ranges":"none","transfer-encoding":"chunked"}
[info] i  functions: preparing functions directory for uploading... 
[debug] [2020-12-08T12:19:02.629Z] >>> HTTP REQUEST GET https://runtimeconfig.googleapis.com/v1beta1/projects/slackbot-7d5cd/configs  
 
[debug] [2020-12-08T12:19:03.094Z] <<< HTTP RESPONSE 200 {"content-type":"application/json; charset=UTF-8","vary":"X-Origin, Referer, Origin,Accept-Encoding","date":"Tue, 08 Dec 2020 12:19:02 GMT","server":"ESF","cache-control":"private","x-xss-protection":"0","x-frame-options":"SAMEORIGIN","x-content-type-options":"nosniff","alt-svc":"h3-29=\":443\"; ma=2592000,h3-T051=\":443\"; ma=2592000,h3-Q050=\":443\"; ma=2592000,h3-Q046=\":443\"; ma=2592000,h3-Q043=\":443\"; ma=2592000,quic=\":443\"; ma=2592000; v=\"46,43\"","accept-ranges":"none","transfer-encoding":"chunked"}
[debug] [2020-12-08T12:19:03.096Z] >>> HTTP REQUEST GET https://runtimeconfig.googleapis.com/v1beta1/projects/slackbot-7d5cd/configs/slack/variables  
 
[debug] [2020-12-08T12:19:03.543Z] <<< HTTP RESPONSE 200 {"content-type":"application/json; charset=UTF-8","vary":"X-Origin, Referer, Origin,Accept-Encoding","date":"Tue, 08 Dec 2020 12:19:03 GMT","server":"ESF","cache-control":"private","x-xss-protection":"0","x-frame-options":"SAMEORIGIN","x-content-type-options":"nosniff","alt-svc":"h3-29=\":443\"; ma=2592000,h3-T051=\":443\"; ma=2592000,h3-Q050=\":443\"; ma=2592000,h3-Q046=\":443\"; ma=2592000,h3-Q043=\":443\"; ma=2592000,quic=\":443\"; ma=2592000; v=\"46,43\"","accept-ranges":"none","transfer-encoding":"chunked"}
[debug] [2020-12-08T12:19:03.545Z] >>> HTTP REQUEST GET https://runtimeconfig.googleapis.com/v1beta1/projects/slackbot-7d5cd/configs/slack/variables/bot_token  
 
[debug] [2020-12-08T12:19:03.545Z] >>> HTTP REQUEST GET https://runtimeconfig.googleapis.com/v1beta1/projects/slackbot-7d5cd/configs/slack/variables/signing_secret  
 
[debug] [2020-12-08T12:19:03.981Z] <<< HTTP RESPONSE 200 {"content-type":"application/json; charset=UTF-8","vary":"X-Origin, Referer, Origin,Accept-Encoding","date":"Tue, 08 Dec 2020 12:19:03 GMT","server":"ESF","cache-control":"private","x-xss-protection":"0","x-frame-options":"SAMEORIGIN","x-content-type-options":"nosniff","alt-svc":"h3-29=\":443\"; ma=2592000,h3-T051=\":443\"; ma=2592000,h3-Q050=\":443\"; ma=2592000,h3-Q046=\":443\"; ma=2592000,h3-Q043=\":443\"; ma=2592000,quic=\":443\"; ma=2592000; v=\"46,43\"","accept-ranges":"none","transfer-encoding":"chunked"}
[debug] [2020-12-08T12:19:04.025Z] <<< HTTP RESPONSE 200 {"content-type":"application/json; charset=UTF-8","vary":"X-Origin, Referer, Origin,Accept-Encoding","date":"Tue, 08 Dec 2020 12:19:03 GMT","server":"ESF","cache-control":"private","x-xss-protection":"0","x-frame-options":"SAMEORIGIN","x-content-type-options":"nosniff","alt-svc":"h3-29=\":443\"; ma=2592000,h3-T051=\":443\"; ma=2592000,h3-Q050=\":443\"; ma=2592000,h3-Q046=\":443\"; ma=2592000,h3-Q043=\":443\"; ma=2592000,quic=\":443\"; ma=2592000; v=\"46,43\"","accept-ranges":"none","transfer-encoding":"chunked"}
[info] i  functions: packaged functions (45.3 KB) for uploading 
[debug] [2020-12-08T12:19:04.419Z] >>> HTTP REQUEST GET https://cloudfunctions.googleapis.com/v1/projects/slackbot-7d5cd/locations/-/functions  
 
[debug] [2020-12-08T12:19:05.181Z] <<< HTTP RESPONSE 200 {"content-type":"application/json; charset=UTF-8","vary":"X-Origin, Referer, Origin,Accept-Encoding","date":"Tue, 08 Dec 2020 12:19:05 GMT","server":"ESF","cache-control":"private","x-xss-protection":"0","x-frame-options":"SAMEORIGIN","x-content-type-options":"nosniff","alt-svc":"h3-29=\":443\"; ma=2592000,h3-T051=\":443\"; ma=2592000,h3-Q050=\":443\"; ma=2592000,h3-Q046=\":443\"; ma=2592000,h3-Q043=\":443\"; ma=2592000,quic=\":443\"; ma=2592000; v=\"46,43\"","accept-ranges":"none","transfer-encoding":"chunked"}
[debug] [2020-12-08T12:19:05.184Z] >>> HTTP REQUEST POST https://cloudfunctions.googleapis.com/v1/projects/slackbot-7d5cd/locations/us-central1/functions:generateUploadUrl  
 
[debug] [2020-12-08T12:19:05.990Z] <<< HTTP RESPONSE 200 {"content-type":"application/json; charset=UTF-8","vary":"X-Origin, Referer, Origin,Accept-Encoding","date":"Tue, 08 Dec 2020 12:19:05 GMT","server":"ESF","cache-control":"private","x-xss-protection":"0","x-frame-options":"SAMEORIGIN","x-content-type-options":"nosniff","alt-svc":"h3-29=\":443\"; ma=2592000,h3-T051=\":443\"; ma=2592000,h3-Q050=\":443\"; ma=2592000,h3-Q046=\":443\"; ma=2592000,h3-Q043=\":443\"; ma=2592000,quic=\":443\"; ma=2592000; v=\"46,43\"","accept-ranges":"none","transfer-encoding":"chunked"}
[debug] [2020-12-08T12:19:05.991Z] >>> HTTP REQUEST PUT https://storage.googleapis.com/gcf-upload-us-central1-8fdbc95a-7701-4003-9da8-dd9fd8e68457/9409473c-7fb3-443c-a626-b6faff783bf5.zip?GoogleAccessId=service-123914931135@gcf-admin-robot.iam.gserviceaccount.com&Expires=1607431745&Signature=wQKhbl9pDXh9SGTth72nLCG8DD0N5Lw44RIvVWpXXZswPcohJ5LDztWD3a8r6ZPPp%2BqJRxrSHFpxSstmuJ73BnZLuI13y9Ta%2F65b22N9TTD1DVrAHxwObOhc%2FZLPvRkb4vUeN4gcbveFetXD8Oh9eCnmhTRdRRql6MSP3OpkGQOMgvEtgmMj5U%2BVxd81o%2Fd80cMa8dEEB0WPT3S%2BbtYruTWxDyLPhEv0mitMpinurBEWgqBTsADN5%2FSmBu3QkKPrEyYhif1FT1tfpHaRTK0NM7sn5AdYgUz%2BU8zcnNhgJ6gURUjOYaOLVo2kCn4bxqTOC3BLWfHeXlzkY2ji0F2FlQ%3D%3D  
 <request body omitted>
[debug] [2020-12-08T12:19:07.068Z] <<< HTTP RESPONSE 200 {"x-guploader-uploadid":"ABg5-UzrHClt1nUd9q1gWGufk-xAMvM8HHhtCeiXI0FgDCkY_pL-74l77-Hx0_lbxqYU6muFAdfE1fQZqURHkrKSKYU","etag":"\"3b49dcb86d9a39c1c8901e4bf24419af\"","x-goog-generation":"1607429946958221","x-goog-metageneration":"1","x-goog-hash":"crc32c=7+jUHw==, md5=O0ncuG2aOcHIkB5L8kQZrw==","x-goog-stored-content-length":"46391","x-goog-stored-content-encoding":"identity","vary":"Origin","content-length":"0","date":"Tue, 08 Dec 2020 12:19:07 GMT","server":"UploadServer","content-type":"text/html; charset=UTF-8","alt-svc":"h3-29=\":443\"; ma=2592000,h3-T051=\":443\"; ma=2592000,h3-Q050=\":443\"; ma=2592000,h3-Q046=\":443\"; ma=2592000,h3-Q043=\":443\"; ma=2592000,quic=\":443\"; ma=2592000; v=\"46,43\""}
[info] ✔  functions: functions folder uploaded successfully 
[info] i  functions: updating Node.js 10 function slack(europe-west3)... 
[debug] [2020-12-08T12:19:07.073Z] Trigger is:  {"httpsTrigger":{}}
[debug] [2020-12-08T12:19:07.074Z] >>> HTTP REQUEST PATCH https://cloudfunctions.googleapis.com/v1/projects/slackbot-7d5cd/locations/europe-west3/functions/slack {"updateMask":"sourceUploadUrl,name,labels,runtime,environmentVariables,httpsTrigger"} 
 {"sourceUploadUrl":"https://storage.googleapis.com/gcf-upload-us-central1-8fdbc95a-7701-4003-9da8-dd9fd8e68457/9409473c-7fb3-443c-a626-b6faff783bf5.zip?GoogleAccessId=service-123914931135@gcf-admin-robot.iam.gserviceaccount.com&Expires=1607431745&Signature=wQKhbl9pDXh9SGTth72nLCG8DD0N5Lw44RIvVWpXXZswPcohJ5LDztWD3a8r6ZPPp%2BqJRxrSHFpxSstmuJ73BnZLuI13y9Ta%2F65b22N9TTD1DVrAHxwObOhc%2FZLPvRkb4vUeN4gcbveFetXD8Oh9eCnmhTRdRRql6MSP3OpkGQOMgvEtgmMj5U%2BVxd81o%2Fd80cMa8dEEB0WPT3S%2BbtYruTWxDyLPhEv0mitMpinurBEWgqBTsADN5%2FSmBu3QkKPrEyYhif1FT1tfpHaRTK0NM7sn5AdYgUz%2BU8zcnNhgJ6gURUjOYaOLVo2kCn4bxqTOC3BLWfHeXlzkY2ji0F2FlQ%3D%3D","name":"projects/slackbot-7d5cd/locations/europe-west3/functions/slack","labels":{"deployment-tool":"cli-firebase"},"httpsTrigger":{},"runtime":"nodejs10","environmentVariables":{"FIREBASE_CONFIG":"{\"projectId\":\"slackbot-7d5cd\",\"storageBucket\":\"slackbot-7d5cd.appspot.com\",\"locationId\":\"europe-west\"}"}}
[debug] [2020-12-08T12:19:07.610Z] <<< HTTP RESPONSE 200 {"content-type":"application/json; charset=UTF-8","vary":"X-Origin, Referer, Origin,Accept-Encoding","date":"Tue, 08 Dec 2020 12:19:07 GMT","server":"ESF","cache-control":"private","x-xss-protection":"0","x-frame-options":"SAMEORIGIN","x-content-type-options":"nosniff","alt-svc":"h3-29=\":443\"; ma=2592000,h3-T051=\":443\"; ma=2592000,h3-Q050=\":443\"; ma=2592000,h3-Q046=\":443\"; ma=2592000,h3-Q043=\":443\"; ma=2592000,quic=\":443\"; ma=2592000; v=\"46,43\"","accept-ranges":"none","transfer-encoding":"chunked"}
[debug] [2020-12-08T12:19:07.613Z] >>> HTTP REQUEST GET https://cloudfunctions.googleapis.com/v1/projects/slackbot-7d5cd/locations/-/functions  
 
[debug] [2020-12-08T12:19:08.352Z] <<< HTTP RESPONSE 200 {"content-type":"application/json; charset=UTF-8","vary":"X-Origin, Referer, Origin,Accept-Encoding","date":"Tue, 08 Dec 2020 12:19:08 GMT","server":"ESF","cache-control":"private","x-xss-protection":"0","x-frame-options":"SAMEORIGIN","x-content-type-options":"nosniff","alt-svc":"h3-29=\":443\"; ma=2592000,h3-T051=\":443\"; ma=2592000,h3-Q050=\":443\"; ma=2592000,h3-Q046=\":443\"; ma=2592000,h3-Q043=\":443\"; ma=2592000,quic=\":443\"; ma=2592000; v=\"46,43\"","accept-ranges":"none","transfer-encoding":"chunked"}
[debug] [2020-12-08T12:19:08.353Z] >>> HTTP REQUEST GET https://cloudfunctions.googleapis.com/v1/operations/c2xhY2tib3QtN2Q1Y2QvZXVyb3BlLXdlc3QzL3NsYWNrL0Rqb1J3TW5PQ1BB  
 
[debug] [2020-12-08T12:19:08.711Z] <<< HTTP RESPONSE 200 {"content-type":"application/json; charset=UTF-8","vary":"X-Origin, Referer, Origin,Accept-Encoding","date":"Tue, 08 Dec 2020 12:19:08 GMT","server":"ESF","cache-control":"private","x-xss-protection":"0","x-frame-options":"SAMEORIGIN","x-content-type-options":"nosniff","alt-svc":"h3-29=\":443\"; ma=2592000,h3-T051=\":443\"; ma=2592000,h3-Q050=\":443\"; ma=2592000,h3-Q046=\":443\"; ma=2592000,h3-Q043=\":443\"; ma=2592000,quic=\":443\"; ma=2592000; v=\"46,43\"","accept-ranges":"none","transfer-encoding":"chunked"}
[debug] [2020-12-08T12:19:10.711Z] >>> HTTP REQUEST GET https://cloudfunctions.googleapis.com/v1/operations/c2xhY2tib3QtN2Q1Y2QvZXVyb3BlLXdlc3QzL3NsYWNrL0Rqb1J3TW5PQ1BB  
 
[debug] [2020-12-08T12:19:11.062Z] <<< HTTP RESPONSE 200 {"content-type":"application/json; charset=UTF-8","vary":"X-Origin, Referer, Origin,Accept-Encoding","date":"Tue, 08 Dec 2020 12:19:11 GMT","server":"ESF","cache-control":"private","x-xss-protection":"0","x-frame-options":"SAMEORIGIN","x-content-type-options":"nosniff","alt-svc":"h3-29=\":443\"; ma=2592000,h3-T051=\":443\"; ma=2592000,h3-Q050=\":443\"; ma=2592000,h3-Q046=\":443\"; ma=2592000,h3-Q043=\":443\"; ma=2592000,quic=\":443\"; ma=2592000; v=\"46,43\"","accept-ranges":"none","transfer-encoding":"chunked"}
[debug] [2020-12-08T12:19:13.068Z] >>> HTTP REQUEST GET https://cloudfunctions.googleapis.com/v1/operations/c2xhY2tib3QtN2Q1Y2QvZXVyb3BlLXdlc3QzL3NsYWNrL0Rqb1J3TW5PQ1BB  
 
[debug] [2020-12-08T12:19:13.417Z] <<< HTTP RESPONSE 200 {"content-type":"application/json; charset=UTF-8","vary":"X-Origin, Referer, Origin,Accept-Encoding","date":"Tue, 08 Dec 2020 12:19:13 GMT","server":"ESF","cache-control":"private","x-xss-protection":"0","x-frame-options":"SAMEORIGIN","x-content-type-options":"nosniff","alt-svc":"h3-29=\":443\"; ma=2592000,h3-T051=\":443\"; ma=2592000,h3-Q050=\":443\"; ma=2592000,h3-Q046=\":443\"; ma=2592000,h3-Q043=\":443\"; ma=2592000,quic=\":443\"; ma=2592000; v=\"46,43\"","accept-ranges":"none","transfer-encoding":"chunked"}
[debug] [2020-12-08T12:19:15.425Z] >>> HTTP REQUEST GET https://cloudfunctions.googleapis.com/v1/operations/c2xhY2tib3QtN2Q1Y2QvZXVyb3BlLXdlc3QzL3NsYWNrL0Rqb1J3TW5PQ1BB  
 
[debug] [2020-12-08T12:19:15.798Z] <<< HTTP RESPONSE 200 {"content-type":"application/json; charset=UTF-8","vary":"X-Origin, Referer, Origin,Accept-Encoding","date":"Tue, 08 Dec 2020 12:19:15 GMT","server":"ESF","cache-control":"private","x-xss-protection":"0","x-frame-options":"SAMEORIGIN","x-content-type-options":"nosniff","alt-svc":"h3-29=\":443\"; ma=2592000,h3-T051=\":443\"; ma=2592000,h3-Q050=\":443\"; ma=2592000,h3-Q046=\":443\"; ma=2592000,h3-Q043=\":443\"; ma=2592000,quic=\":443\"; ma=2592000; v=\"46,43\"","accept-ranges":"none","transfer-encoding":"chunked"}
[debug] [2020-12-08T12:19:17.800Z] >>> HTTP REQUEST GET https://cloudfunctions.googleapis.com/v1/operations/c2xhY2tib3QtN2Q1Y2QvZXVyb3BlLXdlc3QzL3NsYWNrL0Rqb1J3TW5PQ1BB  
 
[debug] [2020-12-08T12:19:18.157Z] <<< HTTP RESPONSE 200 {"content-type":"application/json; charset=UTF-8","vary":"X-Origin, Referer, Origin,Accept-Encoding","date":"Tue, 08 Dec 2020 12:19:18 GMT","server":"ESF","cache-control":"private","x-xss-protection":"0","x-frame-options":"SAMEORIGIN","x-content-type-options":"nosniff","alt-svc":"h3-29=\":443\"; ma=2592000,h3-T051=\":443\"; ma=2592000,h3-Q050=\":443\"; ma=2592000,h3-Q046=\":443\"; ma=2592000,h3-Q043=\":443\"; ma=2592000,quic=\":443\"; ma=2592000; v=\"46,43\"","accept-ranges":"none","transfer-encoding":"chunked"}
[debug] [2020-12-08T12:19:20.164Z] >>> HTTP REQUEST GET https://cloudfunctions.googleapis.com/v1/operations/c2xhY2tib3QtN2Q1Y2QvZXVyb3BlLXdlc3QzL3NsYWNrL0Rqb1J3TW5PQ1BB  
 
[debug] [2020-12-08T12:19:20.529Z] <<< HTTP RESPONSE 200 {"content-type":"application/json; charset=UTF-8","vary":"X-Origin, Referer, Origin,Accept-Encoding","date":"Tue, 08 Dec 2020 12:19:20 GMT","server":"ESF","cache-control":"private","x-xss-protection":"0","x-frame-options":"SAMEORIGIN","x-content-type-options":"nosniff","alt-svc":"h3-29=\":443\"; ma=2592000,h3-T051=\":443\"; ma=2592000,h3-Q050=\":443\"; ma=2592000,h3-Q046=\":443\"; ma=2592000,h3-Q043=\":443\"; ma=2592000,quic=\":443\"; ma=2592000; v=\"46,43\"","accept-ranges":"none","transfer-encoding":"chunked"}
[debug] [2020-12-08T12:19:22.533Z] >>> HTTP REQUEST GET https://cloudfunctions.googleapis.com/v1/operations/c2xhY2tib3QtN2Q1Y2QvZXVyb3BlLXdlc3QzL3NsYWNrL0Rqb1J3TW5PQ1BB  
 
[debug] [2020-12-08T12:19:22.911Z] <<< HTTP RESPONSE 200 {"content-type":"application/json; charset=UTF-8","vary":"X-Origin, Referer, Origin,Accept-Encoding","date":"Tue, 08 Dec 2020 12:19:22 GMT","server":"ESF","cache-control":"private","x-xss-protection":"0","x-frame-options":"SAMEORIGIN","x-content-type-options":"nosniff","alt-svc":"h3-29=\":443\"; ma=2592000,h3-T051=\":443\"; ma=2592000,h3-Q050=\":443\"; ma=2592000,h3-Q046=\":443\"; ma=2592000,h3-Q043=\":443\"; ma=2592000,quic=\":443\"; ma=2592000; v=\"46,43\"","accept-ranges":"none","transfer-encoding":"chunked"}
[debug] [2020-12-08T12:19:24.913Z] >>> HTTP REQUEST GET https://cloudfunctions.googleapis.com/v1/operations/c2xhY2tib3QtN2Q1Y2QvZXVyb3BlLXdlc3QzL3NsYWNrL0Rqb1J3TW5PQ1BB  
 
[debug] [2020-12-08T12:19:25.262Z] <<< HTTP RESPONSE 200 {"content-type":"application/json; charset=UTF-8","vary":"X-Origin, Referer, Origin,Accept-Encoding","date":"Tue, 08 Dec 2020 12:19:25 GMT","server":"ESF","cache-control":"private","x-xss-protection":"0","x-frame-options":"SAMEORIGIN","x-content-type-options":"nosniff","alt-svc":"h3-29=\":443\"; ma=2592000,h3-T051=\":443\"; ma=2592000,h3-Q050=\":443\"; ma=2592000,h3-Q046=\":443\"; ma=2592000,h3-Q043=\":443\"; ma=2592000,quic=\":443\"; ma=2592000; v=\"46,43\"","accept-ranges":"none","transfer-encoding":"chunked"}
[debug] [2020-12-08T12:19:27.262Z] >>> HTTP REQUEST GET https://cloudfunctions.googleapis.com/v1/operations/c2xhY2tib3QtN2Q1Y2QvZXVyb3BlLXdlc3QzL3NsYWNrL0Rqb1J3TW5PQ1BB  
 
[debug] [2020-12-08T12:19:27.634Z] <<< HTTP RESPONSE 200 {"content-type":"application/json; charset=UTF-8","vary":"X-Origin, Referer, Origin,Accept-Encoding","date":"Tue, 08 Dec 2020 12:19:27 GMT","server":"ESF","cache-control":"private","x-xss-protection":"0","x-frame-options":"SAMEORIGIN","x-content-type-options":"nosniff","alt-svc":"h3-29=\":443\"; ma=2592000,h3-T051=\":443\"; ma=2592000,h3-Q050=\":443\"; ma=2592000,h3-Q046=\":443\"; ma=2592000,h3-Q043=\":443\"; ma=2592000,quic=\":443\"; ma=2592000; v=\"46,43\"","accept-ranges":"none","transfer-encoding":"chunked"}
[debug] [2020-12-08T12:19:29.639Z] >>> HTTP REQUEST GET https://cloudfunctions.googleapis.com/v1/operations/c2xhY2tib3QtN2Q1Y2QvZXVyb3BlLXdlc3QzL3NsYWNrL0Rqb1J3TW5PQ1BB  
 
[debug] [2020-12-08T12:19:29.996Z] <<< HTTP RESPONSE 200 {"content-type":"application/json; charset=UTF-8","vary":"X-Origin, Referer, Origin,Accept-Encoding","date":"Tue, 08 Dec 2020 12:19:29 GMT","server":"ESF","cache-control":"private","x-xss-protection":"0","x-frame-options":"SAMEORIGIN","x-content-type-options":"nosniff","alt-svc":"h3-29=\":443\"; ma=2592000,h3-T051=\":443\"; ma=2592000,h3-Q050=\":443\"; ma=2592000,h3-Q046=\":443\"; ma=2592000,h3-Q043=\":443\"; ma=2592000,quic=\":443\"; ma=2592000; v=\"46,43\"","accept-ranges":"none","transfer-encoding":"chunked"}
[debug] [2020-12-08T12:19:32.002Z] >>> HTTP REQUEST GET https://cloudfunctions.googleapis.com/v1/operations/c2xhY2tib3QtN2Q1Y2QvZXVyb3BlLXdlc3QzL3NsYWNrL0Rqb1J3TW5PQ1BB  
 
[debug] [2020-12-08T12:19:32.364Z] <<< HTTP RESPONSE 200 {"content-type":"application/json; charset=UTF-8","vary":"X-Origin, Referer, Origin,Accept-Encoding","date":"Tue, 08 Dec 2020 12:19:32 GMT","server":"ESF","cache-control":"private","x-xss-protection":"0","x-frame-options":"SAMEORIGIN","x-content-type-options":"nosniff","alt-svc":"h3-29=\":443\"; ma=2592000,h3-T051=\":443\"; ma=2592000,h3-Q050=\":443\"; ma=2592000,h3-Q046=\":443\"; ma=2592000,h3-Q043=\":443\"; ma=2592000,quic=\":443\"; ma=2592000; v=\"46,43\"","accept-ranges":"none","transfer-encoding":"chunked"}
[debug] [2020-12-08T12:19:34.365Z] >>> HTTP REQUEST GET https://cloudfunctions.googleapis.com/v1/operations/c2xhY2tib3QtN2Q1Y2QvZXVyb3BlLXdlc3QzL3NsYWNrL0Rqb1J3TW5PQ1BB  
 
[debug] [2020-12-08T12:19:34.719Z] <<< HTTP RESPONSE 200 {"content-type":"application/json; charset=UTF-8","vary":"X-Origin, Referer, Origin,Accept-Encoding","date":"Tue, 08 Dec 2020 12:19:34 GMT","server":"ESF","cache-control":"private","x-xss-protection":"0","x-frame-options":"SAMEORIGIN","x-content-type-options":"nosniff","alt-svc":"h3-29=\":443\"; ma=2592000,h3-T051=\":443\"; ma=2592000,h3-Q050=\":443\"; ma=2592000,h3-Q046=\":443\"; ma=2592000,h3-Q043=\":443\"; ma=2592000,quic=\":443\"; ma=2592000; v=\"46,43\"","accept-ranges":"none","transfer-encoding":"chunked"}
[debug] [2020-12-08T12:19:36.720Z] >>> HTTP REQUEST GET https://cloudfunctions.googleapis.com/v1/operations/c2xhY2tib3QtN2Q1Y2QvZXVyb3BlLXdlc3QzL3NsYWNrL0Rqb1J3TW5PQ1BB  
 
[debug] [2020-12-08T12:19:37.082Z] <<< HTTP RESPONSE 200 {"content-type":"application/json; charset=UTF-8","vary":"X-Origin, Referer, Origin,Accept-Encoding","date":"Tue, 08 Dec 2020 12:19:37 GMT","server":"ESF","cache-control":"private","x-xss-protection":"0","x-frame-options":"SAMEORIGIN","x-content-type-options":"nosniff","alt-svc":"h3-29=\":443\"; ma=2592000,h3-T051=\":443\"; ma=2592000,h3-Q050=\":443\"; ma=2592000,h3-Q046=\":443\"; ma=2592000,h3-Q043=\":443\"; ma=2592000,quic=\":443\"; ma=2592000; v=\"46,43\"","accept-ranges":"none","transfer-encoding":"chunked"}
[debug] [2020-12-08T12:19:39.088Z] >>> HTTP REQUEST GET https://cloudfunctions.googleapis.com/v1/operations/c2xhY2tib3QtN2Q1Y2QvZXVyb3BlLXdlc3QzL3NsYWNrL0Rqb1J3TW5PQ1BB  
 
[debug] [2020-12-08T12:19:39.452Z] <<< HTTP RESPONSE 200 {"content-type":"application/json; charset=UTF-8","vary":"X-Origin, Referer, Origin,Accept-Encoding","date":"Tue, 08 Dec 2020 12:19:39 GMT","server":"ESF","cache-control":"private","x-xss-protection":"0","x-frame-options":"SAMEORIGIN","x-content-type-options":"nosniff","alt-svc":"h3-29=\":443\"; ma=2592000,h3-T051=\":443\"; ma=2592000,h3-Q050=\":443\"; ma=2592000,h3-Q046=\":443\"; ma=2592000,h3-Q043=\":443\"; ma=2592000,quic=\":443\"; ma=2592000; v=\"46,43\"","accept-ranges":"none","transfer-encoding":"chunked"}
[debug] [2020-12-08T12:19:41.456Z] >>> HTTP REQUEST GET https://cloudfunctions.googleapis.com/v1/operations/c2xhY2tib3QtN2Q1Y2QvZXVyb3BlLXdlc3QzL3NsYWNrL0Rqb1J3TW5PQ1BB  
 
[debug] [2020-12-08T12:19:41.810Z] <<< HTTP RESPONSE 200 {"content-type":"application/json; charset=UTF-8","vary":"X-Origin, Referer, Origin,Accept-Encoding","date":"Tue, 08 Dec 2020 12:19:41 GMT","server":"ESF","cache-control":"private","x-xss-protection":"0","x-frame-options":"SAMEORIGIN","x-content-type-options":"nosniff","alt-svc":"h3-29=\":443\"; ma=2592000,h3-T051=\":443\"; ma=2592000,h3-Q050=\":443\"; ma=2592000,h3-Q046=\":443\"; ma=2592000,h3-Q043=\":443\"; ma=2592000,quic=\":443\"; ma=2592000; v=\"46,43\"","accept-ranges":"none","transfer-encoding":"chunked"}
[debug] [2020-12-08T12:19:43.812Z] >>> HTTP REQUEST GET https://cloudfunctions.googleapis.com/v1/operations/c2xhY2tib3QtN2Q1Y2QvZXVyb3BlLXdlc3QzL3NsYWNrL0Rqb1J3TW5PQ1BB  
 
[debug] [2020-12-08T12:19:44.174Z] <<< HTTP RESPONSE 200 {"content-type":"application/json; charset=UTF-8","vary":"X-Origin, Referer, Origin,Accept-Encoding","date":"Tue, 08 Dec 2020 12:19:44 GMT","server":"ESF","cache-control":"private","x-xss-protection":"0","x-frame-options":"SAMEORIGIN","x-content-type-options":"nosniff","alt-svc":"h3-29=\":443\"; ma=2592000,h3-T051=\":443\"; ma=2592000,h3-Q050=\":443\"; ma=2592000,h3-Q046=\":443\"; ma=2592000,h3-Q043=\":443\"; ma=2592000,quic=\":443\"; ma=2592000; v=\"46,43\"","accept-ranges":"none","transfer-encoding":"chunked"}
[debug] [2020-12-08T12:19:46.180Z] >>> HTTP REQUEST GET https://cloudfunctions.googleapis.com/v1/operations/c2xhY2tib3QtN2Q1Y2QvZXVyb3BlLXdlc3QzL3NsYWNrL0Rqb1J3TW5PQ1BB  
 
[debug] [2020-12-08T12:19:46.544Z] <<< HTTP RESPONSE 200 {"content-type":"application/json; charset=UTF-8","vary":"X-Origin, Referer, Origin,Accept-Encoding","date":"Tue, 08 Dec 2020 12:19:46 GMT","server":"ESF","cache-control":"private","x-xss-protection":"0","x-frame-options":"SAMEORIGIN","x-content-type-options":"nosniff","alt-svc":"h3-29=\":443\"; ma=2592000,h3-T051=\":443\"; ma=2592000,h3-Q050=\":443\"; ma=2592000,h3-Q046=\":443\"; ma=2592000,h3-Q043=\":443\"; ma=2592000,quic=\":443\"; ma=2592000; v=\"46,43\"","accept-ranges":"none","transfer-encoding":"chunked"}
[debug] [2020-12-08T12:19:48.550Z] >>> HTTP REQUEST GET https://cloudfunctions.googleapis.com/v1/operations/c2xhY2tib3QtN2Q1Y2QvZXVyb3BlLXdlc3QzL3NsYWNrL0Rqb1J3TW5PQ1BB  
 
[debug] [2020-12-08T12:19:48.945Z] <<< HTTP RESPONSE 200 {"content-type":"application/json; charset=UTF-8","vary":"X-Origin, Referer, Origin,Accept-Encoding","date":"Tue, 08 Dec 2020 12:19:48 GMT","server":"ESF","cache-control":"private","x-xss-protection":"0","x-frame-options":"SAMEORIGIN","x-content-type-options":"nosniff","alt-svc":"h3-29=\":443\"; ma=2592000,h3-T051=\":443\"; ma=2592000,h3-Q050=\":443\"; ma=2592000,h3-Q046=\":443\"; ma=2592000,h3-Q043=\":443\"; ma=2592000,quic=\":443\"; ma=2592000; v=\"46,43\"","accept-ranges":"none","transfer-encoding":"chunked"}
[debug] [2020-12-08T12:19:50.946Z] >>> HTTP REQUEST GET https://cloudfunctions.googleapis.com/v1/operations/c2xhY2tib3QtN2Q1Y2QvZXVyb3BlLXdlc3QzL3NsYWNrL0Rqb1J3TW5PQ1BB  
 
[debug] [2020-12-08T12:19:51.393Z] <<< HTTP RESPONSE 200 {"content-type":"application/json; charset=UTF-8","vary":"X-Origin, Referer, Origin,Accept-Encoding","date":"Tue, 08 Dec 2020 12:19:51 GMT","server":"ESF","cache-control":"private","x-xss-protection":"0","x-frame-options":"SAMEORIGIN","x-content-type-options":"nosniff","alt-svc":"h3-29=\":443\"; ma=2592000,h3-T051=\":443\"; ma=2592000,h3-Q050=\":443\"; ma=2592000,h3-Q046=\":443\"; ma=2592000,h3-Q043=\":443\"; ma=2592000,quic=\":443\"; ma=2592000; v=\"46,43\"","accept-ranges":"none","transfer-encoding":"chunked"}
[debug] [2020-12-08T12:19:53.398Z] >>> HTTP REQUEST GET https://cloudfunctions.googleapis.com/v1/operations/c2xhY2tib3QtN2Q1Y2QvZXVyb3BlLXdlc3QzL3NsYWNrL0Rqb1J3TW5PQ1BB  
 
[debug] [2020-12-08T12:19:53.748Z] <<< HTTP RESPONSE 200 {"content-type":"application/json; charset=UTF-8","vary":"X-Origin, Referer, Origin,Accept-Encoding","date":"Tue, 08 Dec 2020 12:19:53 GMT","server":"ESF","cache-control":"private","x-xss-protection":"0","x-frame-options":"SAMEORIGIN","x-content-type-options":"nosniff","alt-svc":"h3-29=\":443\"; ma=2592000,h3-T051=\":443\"; ma=2592000,h3-Q050=\":443\"; ma=2592000,h3-Q046=\":443\"; ma=2592000,h3-Q043=\":443\"; ma=2592000,quic=\":443\"; ma=2592000; v=\"46,43\"","accept-ranges":"none","transfer-encoding":"chunked"}
